#
# There is insufficient memory for the Java Runtime Environment to continue.
# Native memory allocation (malloc) failed to allocate 1158288 bytes for Chunk::new
# Possible reasons:
#   The system is out of physical RAM or swap space
#   In 32 bit mode, the process size limit was hit
# Possible solutions:
#   Reduce memory load on the system
#   Increase physical memory or swap space
#   Check if swap backing store is full
#   Use 64 bit Java on a 64 bit OS
#   Decrease Java heap size (-Xmx/-Xms)
#   Decrease number of Java threads
#   Decrease Java thread stack sizes (-Xss)
#   Set larger code cache with -XX:ReservedCodeCacheSize=
# This output file may be truncated or incomplete.
#
#  Out of Memory Error (allocation.cpp:323), pid=7100, tid=7072
#
# JRE version: Java(TM) SE Runtime Environment (7.0_80-b15) (build 1.7.0_80-b15)
# Java VM: Java HotSpot(TM) 64-Bit Server VM (24.80-b11 mixed mode windows-amd64 compressed oops)
# Failed to write core dump. Minidumps are not enabled by default on client versions of Windows
#

---------------  T H R E A D  ---------------

Current thread (0x000000000837e000):  JavaThread "C2 CompilerThread1" daemon [_thread_in_native, id=7072, stack(0x00000000099e0000,0x0000000009ae0000)]

Stack: [0x00000000099e0000,0x0000000009ae0000]

Current CompileTask:
C2:   3310  298   !         com.android.dx.cf.code.BytecodeArray::parseInstruction (2764 bytes)


---------------  P R O C E S S  ---------------

Java Threads: ( => current thread )
  0x0000000009dc3800 JavaThread "pool-1-thread-4" [_thread_in_Java, id=5348, stack(0x000000000a4e0000,0x000000000a5e0000)]
  0x0000000009d79000 JavaThread "pool-1-thread-3" [_thread_in_Java, id=7076, stack(0x000000000a3e0000,0x000000000a4e0000)]
  0x00000000083c3000 JavaThread "pool-1-thread-2" [_thread_in_Java, id=4640, stack(0x000000000a2e0000,0x000000000a3e0000)]
  0x0000000009dfc800 JavaThread "pool-2-thread-1" [_thread_blocked, id=6300, stack(0x000000000a1e0000,0x000000000a2e0000)]
  0x0000000009e24000 JavaThread "pool-1-thread-1" [_thread_in_Java, id=6184, stack(0x000000000a0e0000,0x000000000a1e0000)]
  0x0000000008380800 JavaThread "Service Thread" daemon [_thread_blocked, id=1600, stack(0x0000000009ae0000,0x0000000009be0000)]
=>0x000000000837e000 JavaThread "C2 CompilerThread1" daemon [_thread_in_native, id=7072, stack(0x00000000099e0000,0x0000000009ae0000)]
  0x0000000008373000 JavaThread "C2 CompilerThread0" daemon [_thread_in_native, id=6256, stack(0x00000000098e0000,0x00000000099e0000)]
  0x0000000008372000 JavaThread "Attach Listener" daemon [_thread_blocked, id=4088, stack(0x00000000097e0000,0x00000000098e0000)]
  0x000000000836f000 JavaThread "Signal Dispatcher" daemon [_thread_blocked, id=3740, stack(0x00000000096e0000,0x00000000097e0000)]
  0x000000000833e800 JavaThread "Finalizer" daemon [_thread_blocked, id=6848, stack(0x00000000095e0000,0x00000000096e0000)]
  0x0000000008335000 JavaThread "Reference Handler" daemon [_thread_blocked, id=6268, stack(0x00000000094e0000,0x00000000095e0000)]
  0x00000000024a0800 JavaThread "main" [_thread_in_Java, id=6072, stack(0x00000000022f0000,0x00000000023f0000)]

Other Threads:
  0x0000000008331000 VMThread [stack: 0x00000000093e0000,0x00000000094e0000] [id=6464]
  0x000000000838f800 WatcherThread [stack: 0x0000000009be0000,0x0000000009ce0000] [id=4108]

VM state:not at safepoint (normal execution)

VM Mutex/Monitor currently owned by a thread: None

Heap
 PSYoungGen      total 33280K, used 26855K [0x00000000eaa80000, 0x00000000ecf80000, 0x0000000100000000)
  eden space 28672K, 77% used [0x00000000eaa80000,0x00000000ec040a60,0x00000000ec680000)
  from space 4608K, 99% used [0x00000000ec680000,0x00000000ecaf91d0,0x00000000ecb00000)
  to   space 4608K, 0% used [0x00000000ecb00000,0x00000000ecb00000,0x00000000ecf80000)
 ParOldGen       total 75776K, used 637K [0x00000000c0000000, 0x00000000c4a00000, 0x00000000eaa80000)
  object space 75776K, 0% used [0x00000000c0000000,0x00000000c009f500,0x00000000c4a00000)
 PSPermGen       total 21504K, used 5884K [0x00000000bae00000, 0x00000000bc300000, 0x00000000c0000000)
  object space 21504K, 27% used [0x00000000bae00000,0x00000000bb3bf080,0x00000000bc300000)

Card table byte_map: [0x00000000055a0000,0x00000000057d0000] byte_map_base: 0x0000000004fc9000

Polling page: 0x0000000000a50000

Code Cache  [0x00000000025a0000, 0x0000000002810000, 0x00000000055a0000)
 total_blobs=536 nmethods=300 adapters=189 free_code_cache=48027Kb largest_free_block=49146368

Compilation events (10 events):
Event: 3.264 Thread 0x000000000837e000 nmethod 267 0x00000000026b7f10 code [0x00000000026b83e0, 0x00000000026bbc80]
Event: 3.264 Thread 0x000000000837e000  298   !         com.android.dx.cf.code.BytecodeArray::parseInstruction (2764 bytes)
Event: 3.274 Thread 0x0000000008373000 nmethod 297 0x00000000026ae9d0 code [0x00000000026aebc0, 0x00000000026af6c8]
Event: 3.274 Thread 0x0000000008373000  299             com.android.dx.cf.code.ByteOps::opInfo (6 bytes)
Event: 3.275 Thread 0x0000000008373000 nmethod 299 0x00000000026a9e90 code [0x00000000026a9fc0, 0x00000000026aa018]
Event: 3.275 Thread 0x0000000008373000  300             com.android.dx.ssa.MoveParamCombiner$1::visitNonMoveInsn (213 bytes)
Event: 3.277 Thread 0x0000000008373000 nmethod 300 0x00000000026abf10 code [0x00000000026ac060, 0x00000000026ac1d8]
Event: 3.277 Thread 0x0000000008373000  301             com.android.dx.ssa.back.FirstFitLocalCombiningAllocator$1::processInsn (169 bytes)
Event: 3.293 Thread 0x0000000008373000 nmethod 301 0x00000000026b3cd0 code [0x00000000026b3f40, 0x00000000026b4aa0]
Event: 3.293 Thread 0x0000000008373000  302             com.android.dx.ssa.LiteralOpUpgrader$1::visitNonMoveInsn (203 bytes)

GC Heap History (2 events):
Event: 2.389 GC heap before
{Heap before GC invocations=1 (full 0):
 PSYoungGen      total 33280K, used 28672K [0x00000000eaa80000, 0x00000000ecf80000, 0x0000000100000000)
  eden space 28672K, 100% used [0x00000000eaa80000,0x00000000ec680000,0x00000000ec680000)
  from space 4608K, 0% used [0x00000000ecb00000,0x00000000ecb00000,0x00000000ecf80000)
  to   space 4608K, 0% used [0x00000000ec680000,0x00000000ec680000,0x00000000ecb00000)
 ParOldGen       total 75776K, used 0K [0x00000000c0000000, 0x00000000c4a00000, 0x00000000eaa80000)
  object space 75776K, 0% used [0x00000000c0000000,0x00000000c0000000,0x00000000c4a00000)
 PSPermGen       total 21504K, used 5733K [0x00000000bae00000, 0x00000000bc300000, 0x00000000c0000000)
  object space 21504K, 26% used [0x00000000bae00000,0x00000000bb399558,0x00000000bc300000)
Event: 2.516 GC heap after
Heap after GC invocations=1 (full 0):
 PSYoungGen      total 33280K, used 4580K [0x00000000eaa80000, 0x00000000ecf80000, 0x0000000100000000)
  eden space 28672K, 0% used [0x00000000eaa80000,0x00000000eaa80000,0x00000000ec680000)
  from space 4608K, 99% used [0x00000000ec680000,0x00000000ecaf91d0,0x00000000ecb00000)
  to   space 4608K, 0% used [0x00000000ecb00000,0x00000000ecb00000,0x00000000ecf80000)
 ParOldGen       total 75776K, used 637K [0x00000000c0000000, 0x00000000c4a00000, 0x00000000eaa80000)
  object space 75776K, 0% used [0x00000000c0000000,0x00000000c009f500,0x00000000c4a00000)
 PSPermGen       total 21504K, used 5733K [0x00000000bae00000, 0x00000000bc300000, 0x00000000c0000000)
  object space 21504K, 26% used [0x00000000bae00000,0x00000000bb399558,0x00000000bc300000)
}

Deoptimization events (10 events):
Event: 1.467 Thread 0x00000000024a0800 Uncommon trap: reason=class_check action=maybe_recompile pc=0x000000000261492c method=com.android.dx.ssa.NormalSsaInsn.accept(Lcom/android/dx/ssa/SsaInsn$Visitor;)V @ 9
Event: 1.577 Thread 0x00000000024a0800 Uncommon trap: reason=class_check action=maybe_recompile pc=0x000000000261492c method=com.android.dx.ssa.NormalSsaInsn.accept(Lcom/android/dx/ssa/SsaInsn$Visitor;)V @ 9
Event: 1.697 Thread 0x0000000009e24000 Uncommon trap: reason=class_check action=maybe_recompile pc=0x000000000261492c method=com.android.dx.ssa.NormalSsaInsn.accept(Lcom/android/dx/ssa/SsaInsn$Visitor;)V @ 9
Event: 1.698 Thread 0x0000000009e24000 Uncommon trap: reason=class_check action=maybe_recompile pc=0x000000000261492c method=com.android.dx.ssa.NormalSsaInsn.accept(Lcom/android/dx/ssa/SsaInsn$Visitor;)V @ 9
Event: 1.803 Thread 0x0000000009e24000 Uncommon trap: reason=null_check action=make_not_entrant pc=0x000000000262264c method=com.android.dx.rop.code.LocalItem.equals(Ljava/lang/Object;)Z @ 1
Event: 1.840 Thread 0x0000000009dc3800 Uncommon trap: reason=unstable_if action=reinterpret pc=0x0000000002620c44 method=com.android.dx.rop.cst.Constant.compareTo(Lcom/android/dx/rop/cst/Constant;)I @ 12
Event: 2.638 Thread 0x0000000009e24000 Uncommon trap: reason=null_check action=make_not_entrant pc=0x0000000002649490 method=com.android.dx.rop.type.Type.equals(Ljava/lang/Object;)Z @ 8
Event: 2.866 Thread 0x0000000009d79000 Uncommon trap: reason=null_check action=make_not_entrant pc=0x0000000002656930 method=com.android.dx.ssa.SsaRenamer.getLocalForNewReg(I)Lcom/android/dx/rop/code/LocalItem; @ 19
Event: 3.123 Thread 0x00000000024a0800 Uncommon trap: reason=null_check action=make_not_entrant pc=0x000000000268b5f8 method=com.android.dx.rop.type.Type.putIntern(Lcom/android/dx/rop/type/Type;)Lcom/android/dx/rop/type/Type; @ 18
Event: 3.196 Thread 0x0000000009dc3800 Uncommon trap: reason=unstable_if action=reinterpret pc=0x0000000002667ffc method=com.android.dx.ssa.Dominators.run()V @ 346

Internal exceptions (10 events):
Event: 3.123 Thread 0x00000000024a0800 Implicit null exception at 0x000000000268af4f to 0x000000000268b5e9
Event: 3.123 Thread 0x00000000024a0800 Threw 0x00000000eb46d7b8 at C:\re\jdk7u80\2329\hotspot\src\share\vm\prims\jvm.cpp:1319
Event: 3.125 Thread 0x00000000024a0800 Threw 0x00000000eb477508 at C:\re\jdk7u80\2329\hotspot\src\share\vm\prims\jvm.cpp:1319
Event: 3.126 Thread 0x00000000024a0800 Threw 0x00000000eb479958 at C:\re\jdk7u80\2329\hotspot\src\share\vm\prims\jvm.cpp:1319
Event: 3.131 Thread 0x0000000009dc3800 Threw 0x00000000eb6b2700 at C:\re\jdk7u80\2329\hotspot\src\share\vm\prims\jvm.cpp:1319
Event: 3.132 Thread 0x0000000009dc3800 Threw 0x00000000eb6b7d10 at C:\re\jdk7u80\2329\hotspot\src\share\vm\prims\jvm.cpp:1319
Event: 3.132 Thread 0x0000000009dc3800 Threw 0x00000000eb6bd0a0 at C:\re\jdk7u80\2329\hotspot\src\share\vm\prims\jvm.cpp:1319
Event: 3.154 Thread 0x00000000024a0800 Threw 0x00000000eb489928 at C:\re\jdk7u80\2329\hotspot\src\share\vm\prims\jvm.cpp:1319
Event: 3.184 Thread 0x00000000024a0800 Threw 0x00000000eba49698 at C:\re\jdk7u80\2329\hotspot\src\share\vm\prims\jvm.cpp:1319
Event: 3.185 Thread 0x00000000024a0800 Threw 0x00000000eba4b8b8 at C:\re\jdk7u80\2329\hotspot\src\share\vm\prims\jvm.cpp:1319

Events (10 events):
Event: 3.132 loading class 0x0000000009f0b7c0 done
Event: 3.154 loading class 0x0000000009d22660
Event: 3.154 loading class 0x0000000009d22660 done
Event: 3.184 loading class 0x00000000083be5c0
Event: 3.184 loading class 0x00000000083be5c0 done
Event: 3.184 loading class 0x0000000009f0b100
Event: 3.185 loading class 0x0000000009f0b100 done
Event: 3.196 Thread 0x0000000009dc3800 Uncommon trap: trap_request=0xffffff75 fr.pc=0x0000000002667ffc
Event: 3.196 Thread 0x0000000009dc3800 DEOPT PACKING pc=0x0000000002667ffc sp=0x000000000a5de720
Event: 3.196 Thread 0x0000000009dc3800 DEOPT UNPACKING pc=0x00000000025d9064 sp=0x000000000a5de6e8 mode 2


Dynamic libraries:
0x00007ff6aabb0000 - 0x00007ff6aabe3000 	C:\Program Files\Java\jdk1.7.0_80\bin\java.exe
0x00007ffe6e2c0000 - 0x00007ffe6e46c000 	C:\Windows\SYSTEM32\ntdll.dll
0x00007ffe6d650000 - 0x00007ffe6d78e000 	C:\Windows\system32\KERNEL32.DLL
0x00007ffe6b6c0000 - 0x00007ffe6b7d5000 	C:\Windows\system32\KERNELBASE.dll
0x00007ffe69fb0000 - 0x00007ffe6a03e000 	C:\Windows\system32\apphelp.dll
0x00007ffe5e860000 - 0x00007ffe5e8b3000 	C:\Windows\AppPatch\AppPatch64\AcGenral.DLL
0x00007ffe6e050000 - 0x00007ffe6e0fa000 	C:\Windows\system32\msvcrt.dll
0x00007ffe6b1e0000 - 0x00007ffe6b20e000 	C:\Windows\SYSTEM32\SspiCli.dll
0x00007ffe6e100000 - 0x00007ffe6e154000 	C:\Windows\system32\SHLWAPI.dll
0x00007ffe6d9b0000 - 0x00007ffe6db27000 	C:\Windows\system32\USER32.dll
0x00007ffe6dca0000 - 0x00007ffe6de34000 	C:\Windows\system32\ole32.dll
0x00007ffe6c130000 - 0x00007ffe6d649000 	C:\Windows\system32\SHELL32.dll
0x00007ffe6a9a0000 - 0x00007ffe6a9c1000 	C:\Windows\SYSTEM32\USERENV.dll
0x00007ffe6dbf0000 - 0x00007ffe6dc9a000 	C:\Windows\system32\ADVAPI32.dll
0x00007ffe60210000 - 0x00007ffe6022e000 	C:\Windows\SYSTEM32\MPR.dll
0x00007ffe6be80000 - 0x00007ffe6bfc1000 	C:\Windows\system32\RPCRT4.dll
0x00007ffe6db80000 - 0x00007ffe6dbd9000 	C:\Windows\SYSTEM32\sechost.dll
0x00007ffe6d790000 - 0x00007ffe6d9a1000 	C:\Windows\SYSTEM32\combase.dll
0x00007ffe6e160000 - 0x00007ffe6e2b1000 	C:\Windows\system32\GDI32.dll
0x00007ffe6b410000 - 0x00007ffe6b425000 	C:\Windows\SYSTEM32\profapi.dll
0x00007ffe69bf0000 - 0x00007ffe69ca2000 	C:\Windows\SYSTEM32\SHCORE.dll
0x00007ffe6db40000 - 0x00007ffe6db76000 	C:\Windows\system32\IMM32.DLL
0x00007ffe6bfd0000 - 0x00007ffe6c123000 	C:\Windows\system32\MSCTF.dll
0x00007ffe694e0000 - 0x00007ffe6975b000 	C:\Windows\WinSxS\amd64_microsoft.windows.common-controls_6595b64144ccf1df_6.0.9600.17415_none_6240486fecbd8abb\COMCTL32.dll
0x000000006e310000 - 0x000000006e3e2000 	C:\Program Files\Java\jdk1.7.0_80\jre\bin\msvcr100.dll
0x000000006f130000 - 0x000000006f909000 	C:\Program Files\Java\jdk1.7.0_80\jre\bin\server\jvm.dll
0x00007ffe650f0000 - 0x00007ffe650f9000 	C:\Windows\SYSTEM32\WSOCK32.dll
0x00007ffe68af0000 - 0x00007ffe68b12000 	C:\Windows\SYSTEM32\WINMM.dll
0x00007ffe6bce0000 - 0x00007ffe6bce7000 	C:\Windows\system32\PSAPI.DLL
0x00007ffe6de40000 - 0x00007ffe6de9a000 	C:\Windows\system32\WS2_32.dll
0x00007ffe68a90000 - 0x00007ffe68aba000 	C:\Windows\SYSTEM32\WINMMBASE.dll
0x00007ffe6db30000 - 0x00007ffe6db39000 	C:\Windows\system32\NSI.dll
0x00007ffe6b7e0000 - 0x00007ffe6b82f000 	C:\Windows\SYSTEM32\cfgmgr32.dll
0x00007ffe6a200000 - 0x00007ffe6a228000 	C:\Windows\SYSTEM32\DEVOBJ.dll
0x000000006f040000 - 0x000000006f04f000 	C:\Program Files\Java\jdk1.7.0_80\jre\bin\verify.dll
0x000000006f010000 - 0x000000006f038000 	C:\Program Files\Java\jdk1.7.0_80\jre\bin\java.dll
0x000000006eff0000 - 0x000000006f006000 	C:\Program Files\Java\jdk1.7.0_80\jre\bin\zip.dll
0x000000006efd0000 - 0x000000006efea000 	C:\Program Files\Java\jdk1.7.0_80\jre\bin\net.dll
0x00007ffe6ac10000 - 0x00007ffe6ac69000 	C:\Windows\system32\mswsock.dll
0x000000006efb0000 - 0x000000006efc1000 	C:\Program Files\Java\jdk1.7.0_80\jre\bin\nio.dll

VM Arguments:
jvm_args: -Djava.awt.headless=true -Xmx1024M -Dfile.encoding=windows-1251 -Duser.country=RU -Duser.language=ru -Duser.variant 
java_command: com.android.dx.command.Main --dex --num-threads=4 --output C:\Users\vsevolod\AndroidStudioProjects\HomeWork1_Yalantis\app\build\intermediates\pre-dexed\debug\internal_impl-23.2.0_a270f37c020032d91cce540ac00928726c41b5ee.jar C:\Users\vsevolod\AndroidStudioProjects\HomeWork1_Yalantis\app\build\intermediates\exploded-aar\com.android.support\support-v4\23.2.0\jars\libs\internal_impl-23.2.0.jar
Launcher Type: SUN_STANDARD

Environment Variables:
PATH=C:\Windows\system32;C:\Windows;C:\Windows\System32\Wbem;C:\Windows\System32\WindowsPowerShell\v1.0\;C:\Program Files (x86)\AMD\ATI.ACE\Core-Static;C:\Program Files (x86)\Skype\Phone\
USERNAME=vsevolod
OS=Windows_NT
PROCESSOR_IDENTIFIER=AMD64 Family 21 Model 48 Stepping 1, AuthenticAMD



---------------  S Y S T E M  ---------------

OS: Windows 8.1 , 64 bit Build 9600 

CPU:total 4 (4 cores per cpu, 1 threads per core) family 21 model 48 stepping 1, cmov, cx8, fxsr, mmx, sse, sse2, sse3, ssse3, sse4.1, sse4.2, popcnt, avx, aes, mmxext, 3dnowpref, lzcnt, sse4a, tsc, tscinvbit, tscinv

Memory: 4k page, physical 7279668k(2428740k free), swap 7279668k(6168k free)

vm_info: Java HotSpot(TM) 64-Bit Server VM (24.80-b11) for windows-amd64 JRE (1.7.0_80-b15), built on Apr 10 2015 11:26:34 by "java_re" with unknown MS VC++:1600

time: Sun Mar 20 00:31:54 2016
elapsed time: 3 seconds

