#
# There is insufficient memory for the Java Runtime Environment to continue.
# Native memory allocation (malloc) failed to allocate 32784 bytes for Chunk::new
# Possible reasons:
#   The system is out of physical RAM or swap space
#   In 32 bit mode, the process size limit was hit
# Possible solutions:
#   Reduce memory load on the system
#   Increase physical memory or swap space
#   Check if swap backing store is full
#   Use 64 bit Java on a 64 bit OS
#   Decrease Java heap size (-Xmx/-Xms)
#   Decrease number of Java threads
#   Decrease Java thread stack sizes (-Xss)
#   Set larger code cache with -XX:ReservedCodeCacheSize=
# This output file may be truncated or incomplete.
#
#  Out of Memory Error (allocation.cpp:323), pid=5128, tid=5560
#
# JRE version: Java(TM) SE Runtime Environment (7.0_80-b15) (build 1.7.0_80-b15)
# Java VM: Java HotSpot(TM) 64-Bit Server VM (24.80-b11 mixed mode windows-amd64 compressed oops)
# Failed to write core dump. Minidumps are not enabled by default on client versions of Windows
#

---------------  T H R E A D  ---------------

Current thread (0x00000000087c6000):  JavaThread "C2 CompilerThread1" daemon [_thread_in_native, id=5560, stack(0x0000000009e40000,0x0000000009f40000)]

Stack: [0x0000000009e40000,0x0000000009f40000]

Current CompileTask:
C2:   5110  601             com.android.dx.cf.code.Simulator$SimVisitor::visitLocal (329 bytes)


---------------  P R O C E S S  ---------------

Java Threads: ( => current thread )
  0x000000000a243000 JavaThread "pool-1-thread-4" [_thread_blocked, id=4796, stack(0x000000000a940000,0x000000000aa40000)]
  0x000000000a279000 JavaThread "pool-1-thread-3" [_thread_blocked, id=4896, stack(0x000000000a840000,0x000000000a940000)]
  0x000000000a278800 JavaThread "pool-1-thread-2" [_thread_blocked, id=5732, stack(0x000000000a740000,0x000000000a840000)]
  0x000000000a277800 JavaThread "pool-2-thread-1" [_thread_blocked, id=2164, stack(0x000000000a640000,0x000000000a740000)]
  0x000000000a27f000 JavaThread "pool-1-thread-1" [_thread_blocked, id=3432, stack(0x000000000a540000,0x000000000a640000)]
  0x00000000087d5000 JavaThread "Service Thread" daemon [_thread_blocked, id=6676, stack(0x0000000009f40000,0x000000000a040000)]
=>0x00000000087c6000 JavaThread "C2 CompilerThread1" daemon [_thread_in_native, id=5560, stack(0x0000000009e40000,0x0000000009f40000)]
  0x00000000087c3000 JavaThread "C2 CompilerThread0" daemon [_thread_in_native, id=5884, stack(0x0000000009d40000,0x0000000009e40000)]
  0x00000000087c2000 JavaThread "Attach Listener" daemon [_thread_blocked, id=6684, stack(0x0000000009c40000,0x0000000009d40000)]
  0x00000000087bf000 JavaThread "Signal Dispatcher" daemon [_thread_blocked, id=5960, stack(0x0000000009b40000,0x0000000009c40000)]
  0x0000000008788800 JavaThread "Finalizer" daemon [_thread_blocked, id=6352, stack(0x0000000009a40000,0x0000000009b40000)]
  0x0000000008785000 JavaThread "Reference Handler" daemon [_thread_blocked, id=3424, stack(0x0000000009940000,0x0000000009a40000)]
  0x00000000028f0800 JavaThread "main" [_thread_in_Java, id=6248, stack(0x0000000002700000,0x0000000002800000)]

Other Threads:
  0x0000000008781000 VMThread [stack: 0x0000000009840000,0x0000000009940000] [id=4640]
  0x00000000087e2800 WatcherThread [stack: 0x000000000a040000,0x000000000a140000] [id=5628]

VM state:not at safepoint (normal execution)

VM Mutex/Monitor currently owned by a thread: None

Heap
 PSYoungGen      total 71680K, used 16488K [0x00000000eaa80000, 0x00000000f3680000, 0x0000000100000000)
  eden space 57344K, 4% used [0x00000000eaa80000,0x00000000eacf4d10,0x00000000ee280000)
  from space 14336K, 97% used [0x00000000f2880000,0x00000000f3625328,0x00000000f3680000)
  to   space 4608K, 0% used [0x00000000ee280000,0x00000000ee280000,0x00000000ee700000)
 ParOldGen       total 75776K, used 22459K [0x00000000c0000000, 0x00000000c4a00000, 0x00000000eaa80000)
  object space 75776K, 29% used [0x00000000c0000000,0x00000000c15eeed0,0x00000000c4a00000)
 PSPermGen       total 21504K, used 6034K [0x00000000bae00000, 0x00000000bc300000, 0x00000000c0000000)
  object space 21504K, 28% used [0x00000000bae00000,0x00000000bb3e4a58,0x00000000bc300000)

Card table byte_map: [0x00000000059f0000,0x0000000005c20000] byte_map_base: 0x0000000005419000

Polling page: 0x0000000002610000

Code Cache  [0x00000000029f0000, 0x0000000002c70000, 0x00000000059f0000)
 total_blobs=822 nmethods=586 adapters=189 free_code_cache=46704Kb largest_free_block=47757504

Compilation events (10 events):
Event: 5.086 Thread 0x00000000087c3000 nmethod 584 0x0000000002c58a10 code [0x0000000002c58fc0, 0x0000000002c5e1a0]
Event: 5.089 Thread 0x00000000087c3000  597             com.android.dx.ssa.back.FirstFitLocalCombiningAllocator::handleLocalAssociatedOther (151 bytes)
Event: 5.090 Thread 0x00000000087c6000 nmethod 596 0x0000000002c41850 code [0x0000000002c419c0, 0x0000000002c42018]
Event: 5.090 Thread 0x00000000087c6000  598             com.android.dx.rop.type.Type::compareTo (12 bytes)
Event: 5.092 Thread 0x00000000087c6000 nmethod 598 0x0000000002c23050 code [0x0000000002c23180, 0x0000000002c232d8]
Event: 5.092 Thread 0x00000000087c6000  599             com.android.dx.cf.code.Merger::mergeType (142 bytes)
Event: 5.097 Thread 0x00000000087c6000 nmethod 599 0x0000000002c40d50 code [0x0000000002c40f20, 0x0000000002c41360]
Event: 5.097 Thread 0x00000000087c6000  600             java.util.HashMap$HashIterator::nextEntry (99 bytes)
Event: 5.100 Thread 0x00000000087c6000 nmethod 600 0x0000000002a85f90 code [0x0000000002a860e0, 0x0000000002a862f8]
Event: 5.100 Thread 0x00000000087c6000  601             com.android.dx.cf.code.Simulator$SimVisitor::visitLocal (329 bytes)

GC Heap History (10 events):
Event: 2.761 GC heap before
{Heap before GC invocations=2 (full 0):
 PSYoungGen      total 33280K, used 33269K [0x00000000eaa80000, 0x00000000ecf80000, 0x0000000100000000)
  eden space 28672K, 100% used [0x00000000eaa80000,0x00000000ec680000,0x00000000ec680000)
  from space 4608K, 99% used [0x00000000ec680000,0x00000000ecafd778,0x00000000ecb00000)
  to   space 4608K, 0% used [0x00000000ecb00000,0x00000000ecb00000,0x00000000ecf80000)
 ParOldGen       total 75776K, used 1055K [0x00000000c0000000, 0x00000000c4a00000, 0x00000000eaa80000)
  object space 75776K, 1% used [0x00000000c0000000,0x00000000c0107e18,0x00000000c4a00000)
 PSPermGen       total 21504K, used 5908K [0x00000000bae00000, 0x00000000bc300000, 0x00000000c0000000)
  object space 21504K, 27% used [0x00000000bae00000,0x00000000bb3c5000,0x00000000bc300000)
Event: 2.790 GC heap after
Heap after GC invocations=2 (full 0):
 PSYoungGen      total 33280K, used 4589K [0x00000000eaa80000, 0x00000000ecf80000, 0x0000000100000000)
  eden space 28672K, 0% used [0x00000000eaa80000,0x00000000eaa80000,0x00000000ec680000)
  from space 4608K, 99% used [0x00000000ecb00000,0x00000000ecf7b640,0x00000000ecf80000)
  to   space 4608K, 0% used [0x00000000ec680000,0x00000000ec680000,0x00000000ecb00000)
 ParOldGen       total 75776K, used 4501K [0x00000000c0000000, 0x00000000c4a00000, 0x00000000eaa80000)
  object space 75776K, 5% used [0x00000000c0000000,0x00000000c04656e8,0x00000000c4a00000)
 PSPermGen       total 21504K, used 5908K [0x00000000bae00000, 0x00000000bc300000, 0x00000000c0000000)
  object space 21504K, 27% used [0x00000000bae00000,0x00000000bb3c5000,0x00000000bc300000)
}
Event: 3.318 GC heap before
{Heap before GC invocations=3 (full 0):
 PSYoungGen      total 33280K, used 33261K [0x00000000eaa80000, 0x00000000ecf80000, 0x0000000100000000)
  eden space 28672K, 100% used [0x00000000eaa80000,0x00000000ec680000,0x00000000ec680000)
  from space 4608K, 99% used [0x00000000ecb00000,0x00000000ecf7b640,0x00000000ecf80000)
  to   space 4608K, 0% used [0x00000000ec680000,0x00000000ec680000,0x00000000ecb00000)
 ParOldGen       total 75776K, used 4501K [0x00000000c0000000, 0x00000000c4a00000, 0x00000000eaa80000)
  object space 75776K, 5% used [0x00000000c0000000,0x00000000c04656e8,0x00000000c4a00000)
 PSPermGen       total 21504K, used 5937K [0x00000000bae00000, 0x00000000bc300000, 0x00000000c0000000)
  object space 21504K, 27% used [0x00000000bae00000,0x00000000bb3cc620,0x00000000bc300000)
Event: 3.340 GC heap after
Heap after GC invocations=3 (full 0):
 PSYoungGen      total 33280K, used 4584K [0x00000000eaa80000, 0x00000000eeb80000, 0x0000000100000000)
  eden space 28672K, 0% used [0x00000000eaa80000,0x00000000eaa80000,0x00000000ec680000)
  from space 4608K, 99% used [0x00000000ec680000,0x00000000ecafa218,0x00000000ecb00000)
  to   space 4608K, 0% used [0x00000000ee700000,0x00000000ee700000,0x00000000eeb80000)
 ParOldGen       total 75776K, used 8835K [0x00000000c0000000, 0x00000000c4a00000, 0x00000000eaa80000)
  object space 75776K, 11% used [0x00000000c0000000,0x00000000c08a0c48,0x00000000c4a00000)
 PSPermGen       total 21504K, used 5937K [0x00000000bae00000, 0x00000000bc300000, 0x00000000c0000000)
  object space 21504K, 27% used [0x00000000bae00000,0x00000000bb3cc620,0x00000000bc300000)
}
Event: 3.722 GC heap before
{Heap before GC invocations=4 (full 0):
 PSYoungGen      total 33280K, used 33256K [0x00000000eaa80000, 0x00000000eeb80000, 0x0000000100000000)
  eden space 28672K, 100% used [0x00000000eaa80000,0x00000000ec680000,0x00000000ec680000)
  from space 4608K, 99% used [0x00000000ec680000,0x00000000ecafa218,0x00000000ecb00000)
  to   space 4608K, 0% used [0x00000000ee700000,0x00000000ee700000,0x00000000eeb80000)
 ParOldGen       total 75776K, used 8835K [0x00000000c0000000, 0x00000000c4a00000, 0x00000000eaa80000)
  object space 75776K, 11% used [0x00000000c0000000,0x00000000c08a0c48,0x00000000c4a00000)
 PSPermGen       total 21504K, used 5975K [0x00000000bae00000, 0x00000000bc300000, 0x00000000c0000000)
  object space 21504K, 27% used [0x00000000bae00000,0x00000000bb3d5f78,0x00000000bc300000)
Event: 3.762 GC heap after
Heap after GC invocations=4 (full 0):
 PSYoungGen      total 61952K, used 4582K [0x00000000eaa80000, 0x00000000eeb80000, 0x0000000100000000)
  eden space 57344K, 0% used [0x00000000eaa80000,0x00000000eaa80000,0x00000000ee280000)
  from space 4608K, 99% used [0x00000000ee700000,0x00000000eeb79988,0x00000000eeb80000)
  to   space 4608K, 0% used [0x00000000ee280000,0x00000000ee280000,0x00000000ee700000)
 ParOldGen       total 75776K, used 13697K [0x00000000c0000000, 0x00000000c4a00000, 0x00000000eaa80000)
  object space 75776K, 18% used [0x00000000c0000000,0x00000000c0d60698,0x00000000c4a00000)
 PSPermGen       total 21504K, used 5975K [0x00000000bae00000, 0x00000000bc300000, 0x00000000c0000000)
  object space 21504K, 27% used [0x00000000bae00000,0x00000000bb3d5f78,0x00000000bc300000)
}
Event: 4.402 GC heap before
{Heap before GC invocations=5 (full 0):
 PSYoungGen      total 61952K, used 61926K [0x00000000eaa80000, 0x00000000eeb80000, 0x0000000100000000)
  eden space 57344K, 100% used [0x00000000eaa80000,0x00000000ee280000,0x00000000ee280000)
  from space 4608K, 99% used [0x00000000ee700000,0x00000000eeb79988,0x00000000eeb80000)
  to   space 4608K, 0% used [0x00000000ee280000,0x00000000ee280000,0x00000000ee700000)
 ParOldGen       total 75776K, used 13697K [0x00000000c0000000, 0x00000000c4a00000, 0x00000000eaa80000)
  object space 75776K, 18% used [0x00000000c0000000,0x00000000c0d60698,0x00000000c4a00000)
 PSPermGen       total 21504K, used 6013K [0x00000000bae00000, 0x00000000bc300000, 0x00000000c0000000)
  object space 21504K, 27% used [0x00000000bae00000,0x00000000bb3df558,0x00000000bc300000)
Event: 4.478 GC heap after
Heap after GC invocations=5 (full 0):
 PSYoungGen      total 61952K, used 4585K [0x00000000eaa80000, 0x00000000f3680000, 0x0000000100000000)
  eden space 57344K, 0% used [0x00000000eaa80000,0x00000000eaa80000,0x00000000ee280000)
  from space 4608K, 99% used [0x00000000ee280000,0x00000000ee6fa708,0x00000000ee700000)
  to   space 14336K, 0% used [0x00000000f2880000,0x00000000f2880000,0x00000000f3680000)
 ParOldGen       total 75776K, used 22451K [0x00000000c0000000, 0x00000000c4a00000, 0x00000000eaa80000)
  object space 75776K, 29% used [0x00000000c0000000,0x00000000c15eced0,0x00000000c4a00000)
 PSPermGen       total 21504K, used 6013K [0x00000000bae00000, 0x00000000bc300000, 0x00000000c0000000)
  object space 21504K, 27% used [0x00000000bae00000,0x00000000bb3df558,0x00000000bc300000)
}
Event: 5.021 GC heap before
{Heap before GC invocations=6 (full 0):
 PSYoungGen      total 61952K, used 61929K [0x00000000eaa80000, 0x00000000f3680000, 0x0000000100000000)
  eden space 57344K, 100% used [0x00000000eaa80000,0x00000000ee280000,0x00000000ee280000)
  from space 4608K, 99% used [0x00000000ee280000,0x00000000ee6fa708,0x00000000ee700000)
  to   space 14336K, 0% used [0x00000000f2880000,0x00000000f2880000,0x00000000f3680000)
 ParOldGen       total 75776K, used 22451K [0x00000000c0000000, 0x00000000c4a00000, 0x00000000eaa80000)
  object space 75776K, 29% used [0x00000000c0000000,0x00000000c15eced0,0x00000000c4a00000)
 PSPermGen       total 21504K, used 6031K [0x00000000bae00000, 0x00000000bc300000, 0x00000000c0000000)
  object space 21504K, 28% used [0x00000000bae00000,0x00000000bb3e3e30,0x00000000bc300000)
Event: 5.074 GC heap after
Heap after GC invocations=6 (full 0):
 PSYoungGen      total 71680K, used 13972K [0x00000000eaa80000, 0x00000000f3680000, 0x0000000100000000)
  eden space 57344K, 0% used [0x00000000eaa80000,0x00000000eaa80000,0x00000000ee280000)
  from space 14336K, 97% used [0x00000000f2880000,0x00000000f3625328,0x00000000f3680000)
  to   space 4608K, 0% used [0x00000000ee280000,0x00000000ee280000,0x00000000ee700000)
 ParOldGen       total 75776K, used 22459K [0x00000000c0000000, 0x00000000c4a00000, 0x00000000eaa80000)
  object space 75776K, 29% used [0x00000000c0000000,0x00000000c15eeed0,0x00000000c4a00000)
 PSPermGen       total 21504K, used 6031K [0x00000000bae00000, 0x00000000bc300000, 0x00000000c0000000)
  object space 21504K, 28% used [0x00000000bae00000,0x00000000bb3e3e30,0x00000000bc300000)
}

Deoptimization events (10 events):
Event: 4.359 Thread 0x000000000a278800 Uncommon trap: reason=unstable_if action=reinterpret pc=0x0000000002b7888c method=com.android.dx.ssa.InterferenceRegisterMapper.interferes(III)Z @ 69
Event: 4.625 Thread 0x000000000a279000 Uncommon trap: reason=unstable_if action=reinterpret pc=0x0000000002ab9d4c method=com.android.dx.rop.code.BasicBlockList.preferredSuccessorOf(Lcom/android/dx/rop/code/BasicBlock;)Lcom/android/dx/rop/code/BasicBlock; @ 58
Event: 4.649 Thread 0x00000000028f0800 Uncommon trap: reason=bimorphic action=maybe_recompile pc=0x0000000002c046fc method=com.android.dx.cf.code.BytecodeArray.parseInstruction(ILcom/android/dx/cf/code/BytecodeArray$Visitor;)I @ 1130
Event: 4.649 Thread 0x00000000028f0800 Uncommon trap: reason=bimorphic action=maybe_recompile pc=0x0000000002c046fc method=com.android.dx.cf.code.BytecodeArray.parseInstruction(ILcom/android/dx/cf/code/BytecodeArray$Visitor;)I @ 1130
Event: 4.652 Thread 0x00000000028f0800 Uncommon trap: reason=bimorphic action=maybe_recompile pc=0x0000000002c04294 method=com.android.dx.cf.code.BytecodeArray.parseInstruction(ILcom/android/dx/cf/code/BytecodeArray$Visitor;)I @ 955
Event: 4.655 Thread 0x00000000028f0800 Uncommon trap: reason=bimorphic action=maybe_recompile pc=0x0000000002c04294 method=com.android.dx.cf.code.BytecodeArray.parseInstruction(ILcom/android/dx/cf/code/BytecodeArray$Visitor;)I @ 955
Event: 4.698 Thread 0x000000000a27f000 Uncommon trap: reason=bimorphic action=maybe_recompile pc=0x0000000002b2ed78 method=com.android.dx.ssa.LiteralOpUpgrader.tryReplacingWithConstant(Lcom/android/dx/ssa/NormalSsaInsn;)Z @ 62
Event: 4.733 Thread 0x000000000a279000 Uncommon trap: reason=unstable_if action=reinterpret pc=0x0000000002c17294 method=com.android.dx.cf.code.Ropper.isSynchronized()Z @ 12
Event: 4.734 Thread 0x000000000a279000 Uncommon trap: reason=unstable_if action=reinterpret pc=0x0000000002bf6228 method=com.android.dx.cf.code.Ropper.isSynchronized()Z @ 12
Event: 4.734 Thread 0x000000000a279000 Uncommon trap: reason=unstable_if action=reinterpret pc=0x0000000002b10aac method=com.android.dx.ssa.MoveParamCombiner$1.visitNonMoveInsn(Lcom/android/dx/ssa/NormalSsaInsn;)V @ 27

Internal exceptions (10 events):
Event: 0.972 Thread 0x000000000a243000 Threw 0x00000000eb88e030 at C:\re\jdk7u80\2329\hotspot\src\share\vm\prims\jvm.cpp:1319
Event: 1.040 Thread 0x000000000a279000 Threw 0x00000000eb9eb940 at C:\re\jdk7u80\2329\hotspot\src\share\vm\prims\jvm.cpp:1319
Event: 1.129 Thread 0x000000000a278800 Implicit null exception at 0x0000000002a71c51 to 0x0000000002a71e25
Event: 1.235 Thread 0x00000000028f0800 Threw 0x00000000ebcd2e88 at C:\re\jdk7u80\2329\hotspot\src\share\vm\prims\jvm.cpp:1319
Event: 1.239 Thread 0x00000000028f0800 Threw 0x00000000ebce3ba8 at C:\re\jdk7u80\2329\hotspot\src\share\vm\prims\jvm.cpp:1319
Event: 1.737 Thread 0x00000000028f0800 Implicit null exception at 0x0000000002aa15eb to 0x0000000002aa1c85
Event: 2.539 Thread 0x00000000028f0800 Threw 0x00000000eba5c5e8 at C:\re\jdk7u80\2329\hotspot\src\share\vm\prims\jvm.cpp:1319
Event: 3.348 Thread 0x000000000a278800 Threw 0x00000000eab80998 at C:\re\jdk7u80\2329\hotspot\src\share\vm\prims\jvm.cpp:1319
Event: 3.588 Thread 0x000000000a27f000 Threw 0x00000000ebbf05d8 at C:\re\jdk7u80\2329\hotspot\src\share\vm\prims\jvm.cpp:1319
Event: 4.493 Thread 0x00000000028f0800 Threw 0x00000000ead6a070 at C:\re\jdk7u80\2329\hotspot\src\share\vm\prims\jvm.cpp:1319

Events (10 events):
Event: 5.091 Executing VM operation: RevokeBias done
Event: 5.091 Executing VM operation: RevokeBias
Event: 5.091 Executing VM operation: RevokeBias done
Event: 5.091 Executing VM operation: RevokeBias
Event: 5.091 Executing VM operation: RevokeBias done
Event: 5.091 Executing VM operation: RevokeBias
Event: 5.091 Executing VM operation: RevokeBias done
Event: 5.091 Executing VM operation: BulkRevokeBias
Event: 5.091 Executing VM operation: BulkRevokeBias done
Event: 5.097 Thread 0x00000000087c6000 flushing nmethod 0x0000000002a85f90


Dynamic libraries:
0x00007ff6aabb0000 - 0x00007ff6aabe3000 	C:\Program Files\Java\jdk1.7.0_80\bin\java.exe
0x00007ffe6e2c0000 - 0x00007ffe6e46c000 	C:\Windows\SYSTEM32\ntdll.dll
0x00007ffe6d650000 - 0x00007ffe6d78e000 	C:\Windows\system32\KERNEL32.DLL
0x00007ffe6b6c0000 - 0x00007ffe6b7d5000 	C:\Windows\system32\KERNELBASE.dll
0x00007ffe69fb0000 - 0x00007ffe6a03e000 	C:\Windows\system32\apphelp.dll
0x00007ffe5e860000 - 0x00007ffe5e8b3000 	C:\Windows\AppPatch\AppPatch64\AcGenral.DLL
0x00007ffe6e050000 - 0x00007ffe6e0fa000 	C:\Windows\system32\msvcrt.dll
0x00007ffe6b1e0000 - 0x00007ffe6b20e000 	C:\Windows\SYSTEM32\SspiCli.dll
0x00007ffe6e100000 - 0x00007ffe6e154000 	C:\Windows\system32\SHLWAPI.dll
0x00007ffe6d9b0000 - 0x00007ffe6db27000 	C:\Windows\system32\USER32.dll
0x00007ffe6dca0000 - 0x00007ffe6de34000 	C:\Windows\system32\ole32.dll
0x00007ffe6c130000 - 0x00007ffe6d649000 	C:\Windows\system32\SHELL32.dll
0x00007ffe6a9a0000 - 0x00007ffe6a9c1000 	C:\Windows\SYSTEM32\USERENV.dll
0x00007ffe6dbf0000 - 0x00007ffe6dc9a000 	C:\Windows\system32\ADVAPI32.dll
0x00007ffe60210000 - 0x00007ffe6022e000 	C:\Windows\SYSTEM32\MPR.dll
0x00007ffe6be80000 - 0x00007ffe6bfc1000 	C:\Windows\system32\RPCRT4.dll
0x00007ffe6db80000 - 0x00007ffe6dbd9000 	C:\Windows\SYSTEM32\sechost.dll
0x00007ffe6d790000 - 0x00007ffe6d9a1000 	C:\Windows\SYSTEM32\combase.dll
0x00007ffe6e160000 - 0x00007ffe6e2b1000 	C:\Windows\system32\GDI32.dll
0x00007ffe6b410000 - 0x00007ffe6b425000 	C:\Windows\SYSTEM32\profapi.dll
0x00007ffe69bf0000 - 0x00007ffe69ca2000 	C:\Windows\SYSTEM32\SHCORE.dll
0x00007ffe6db40000 - 0x00007ffe6db76000 	C:\Windows\system32\IMM32.DLL
0x00007ffe6bfd0000 - 0x00007ffe6c123000 	C:\Windows\system32\MSCTF.dll
0x00007ffe694e0000 - 0x00007ffe6975b000 	C:\Windows\WinSxS\amd64_microsoft.windows.common-controls_6595b64144ccf1df_6.0.9600.17415_none_6240486fecbd8abb\COMCTL32.dll
0x000000006e310000 - 0x000000006e3e2000 	C:\Program Files\Java\jdk1.7.0_80\jre\bin\msvcr100.dll
0x000000006f130000 - 0x000000006f909000 	C:\Program Files\Java\jdk1.7.0_80\jre\bin\server\jvm.dll
0x00007ffe650f0000 - 0x00007ffe650f9000 	C:\Windows\SYSTEM32\WSOCK32.dll
0x00007ffe68af0000 - 0x00007ffe68b12000 	C:\Windows\SYSTEM32\WINMM.dll
0x00007ffe6bce0000 - 0x00007ffe6bce7000 	C:\Windows\system32\PSAPI.DLL
0x00007ffe6de40000 - 0x00007ffe6de9a000 	C:\Windows\system32\WS2_32.dll
0x00007ffe68a90000 - 0x00007ffe68aba000 	C:\Windows\SYSTEM32\WINMMBASE.dll
0x00007ffe6db30000 - 0x00007ffe6db39000 	C:\Windows\system32\NSI.dll
0x00007ffe6b7e0000 - 0x00007ffe6b82f000 	C:\Windows\SYSTEM32\cfgmgr32.dll
0x00007ffe6a200000 - 0x00007ffe6a228000 	C:\Windows\SYSTEM32\DEVOBJ.dll
0x000000006f040000 - 0x000000006f04f000 	C:\Program Files\Java\jdk1.7.0_80\jre\bin\verify.dll
0x000000006f010000 - 0x000000006f038000 	C:\Program Files\Java\jdk1.7.0_80\jre\bin\java.dll
0x000000006eff0000 - 0x000000006f006000 	C:\Program Files\Java\jdk1.7.0_80\jre\bin\zip.dll
0x000000006efd0000 - 0x000000006efea000 	C:\Program Files\Java\jdk1.7.0_80\jre\bin\net.dll
0x00007ffe6ac10000 - 0x00007ffe6ac69000 	C:\Windows\system32\mswsock.dll
0x000000006efb0000 - 0x000000006efc1000 	C:\Program Files\Java\jdk1.7.0_80\jre\bin\nio.dll

VM Arguments:
jvm_args: -Djava.awt.headless=true -Xmx1024M -Dfile.encoding=windows-1251 -Duser.country=RU -Duser.language=ru -Duser.variant 
java_command: com.android.dx.command.Main --dex --num-threads=4 --output C:\Users\vsevolod\AndroidStudioProjects\HomeWork1_Yalantis\app\build\intermediates\pre-dexed\debug\com.android.support-appcompat-v7-23.2.0_e706f7b7d79096dff6a619e02a04d6fe45c4d8cc.jar C:\Users\vsevolod\AndroidStudioProjects\HomeWork1_Yalantis\app\build\intermediates\exploded-aar\com.android.support\appcompat-v7\23.2.0\jars\classes.jar
Launcher Type: SUN_STANDARD

Environment Variables:
PATH=C:\Windows\system32;C:\Windows;C:\Windows\System32\Wbem;C:\Windows\System32\WindowsPowerShell\v1.0\;C:\Program Files (x86)\AMD\ATI.ACE\Core-Static;C:\Program Files (x86)\Skype\Phone\
USERNAME=vsevolod
OS=Windows_NT
PROCESSOR_IDENTIFIER=AMD64 Family 21 Model 48 Stepping 1, AuthenticAMD



---------------  S Y S T E M  ---------------

OS: Windows 8.1 , 64 bit Build 9600 

CPU:total 4 (4 cores per cpu, 1 threads per core) family 21 model 48 stepping 1, cmov, cx8, fxsr, mmx, sse, sse2, sse3, ssse3, sse4.1, sse4.2, popcnt, avx, aes, mmxext, 3dnowpref, lzcnt, sse4a, tsc, tscinvbit, tscinv

Memory: 4k page, physical 7279668k(2477740k free), swap 7279668k(5112k free)

vm_info: Java HotSpot(TM) 64-Bit Server VM (24.80-b11) for windows-amd64 JRE (1.7.0_80-b15), built on Apr 10 2015 11:26:34 by "java_re" with unknown MS VC++:1600

time: Sun Mar 20 15:26:57 2016
elapsed time: 5 seconds

